"C:\Program Files\JetBrains\CLion 2021.2.3\bin\cmake\win\bin\cmake.exe" -DCMAKE_BUILD_TYPE=Debug -DCMAKE_DEPENDS_USE_COMPILER=FALSE -G "CodeBlocks - NMake Makefiles" "C:\Users\Lam\OneDrive - Technion\לימודים\סמסטר 4\מערכות הפעלה\HW_OperatingSystems\hw1\wet\skeleton_smash"
-- The C compiler identification is MSVC 19.29.30137.0
-- The CXX compiler identification is MSVC 19.29.30137.0
-- Detecting C compiler ABI info
-- Detecting C compiler ABI info - failed
-- Check for working C compiler: C:/Program Files (x86)/Microsoft Visual Studio/2019/Community/VC/Tools/MSVC/14.29.30133/bin/Hostx86/x86/cl.exe
-- Check for working C compiler: C:/Program Files (x86)/Microsoft Visual Studio/2019/Community/VC/Tools/MSVC/14.29.30133/bin/Hostx86/x86/cl.exe - broken
CMake Error at C:/Program Files/JetBrains/CLion 2021.2.3/bin/cmake/win/share/cmake-3.20/Modules/CMakeTestCCompiler.cmake:66 (message):
  The C compiler

    "C:/Program Files (x86)/Microsoft Visual Studio/2019/Community/VC/Tools/MSVC/14.29.30133/bin/Hostx86/x86/cl.exe"

  is not able to compile a simple test program.

  It fails with the following output:

    Change Dir: C:/Users/Lam/OneDrive - Technion/׳�׳™׳�׳•׳“׳™׳�/׳¡׳�׳¡׳˜׳¨ 4/׳�׳¢׳¨׳›׳•׳× ׳”׳₪׳¢׳�׳”/HW_OperatingSystems/hw1/wet/skeleton_smash/cmake-build-debug/CMakeFiles/CMakeTmp
    
    Run Build Command(s):nmake -f Makefile /nologo cmTC_f885d\fast && 	"C:\Program Files (x86)\Microsoft Visual Studio\2019\Community\VC\Tools\MSVC\14.29.30133\bin\HostX86\x86\nmake.exe"  -f CMakeFiles\cmTC_f885d.dir\build.make /nologo -L                  CMakeFiles\cmTC_f885d.dir\build
    Building C object CMakeFiles/cmTC_f885d.dir/testCCompiler.c.obj
    	"C:\Program Files\JetBrains\CLion 2021.2.3\bin\cmake\win\bin\cmake.exe" -E cmake_cl_compile_depends --dep-file=CMakeFiles\cmTC_f885d.dir\testCCompiler.c.obj.d --working-dir="C:\Users\Lam\OneDrive - Technion\׳�׳™׳�׳•׳“׳™׳�\׳¡׳�׳¡׳˜׳¨ 4\׳�׳¢׳¨׳›׳•׳× ׳”׳₪׳¢׳�׳”\HW_OperatingSystems\hw1\wet\skeleton_smash\cmake-build-debug\CMakeFiles\CMakeTmp" --filter-prefix="" -- C:\PROGRA~2\MICROS~3\2019\COMMUN~1\VC\Tools\MSVC\1429~1.301\bin\Hostx86\x86\cl.exe @C:\Users\Lam\AppData\Local\Temp\nmC57B.tmp
    NMAKE : fatal error U1077: '"C:\Program Files\JetBrains\CLion 2021.2.3\bin\cmake\win\bin\cmake.exe"' : return code '0x2'
    Stop.
    NMAKE : fatal error U1077: '"C:\Program Files (x86)\Microsoft Visual Studio\2019\Community\VC\Tools\MSVC\14.29.30133\bin\HostX86\x86\nmake.exe"' : return code '0x2'
    Stop.
    
    

  

  CMake will not be able to correctly generate this project.
Call Stack (most recent call first):
  CMakeLists.txt:2 (project)


-- Configuring incomplete, errors occurred!
See also "C:/Users/Lam/OneDrive - Technion/׳�׳™׳�׳•׳“׳™׳�/׳¡׳�׳¡׳˜׳¨ 4/׳�׳¢׳¨׳›׳•׳× ׳”׳₪׳¢׳�׳”/HW_OperatingSystems/hw1/wet/skeleton_smash/cmake-build-debug/CMakeFiles/CMakeOutput.log".
See also "C:/Users/Lam/OneDrive - Technion/׳�׳™׳�׳•׳“׳™׳�/׳¡׳�׳¡׳˜׳¨ 4/׳�׳¢׳¨׳›׳•׳× ׳”׳₪׳¢׳�׳”/HW_OperatingSystems/hw1/wet/skeleton_smash/cmake-build-debug/CMakeFiles/CMakeError.log".
